11/20/2023 17:56 | LightingScene | 0h 0m 50s
11/26/2023 01:04 | Shader_Test | 0h 4m 46s
11/26/2023 01:26 | Shader_Test | 0h 4m 14s
11/26/2023 02:05 | Shader_Test | 0h 0m 46s
02/05/2024 17:40 | 0201LightTEST | 0h 3m 47s
02/05/2024 17:51 | 0201LightTEST | 0h 6m 35s
02/05/2024 17:57 | 0201LightTEST | 0h 4m 25s
02/05/2024 18:06 | 0201LightTEST | 0h 4m 47s
02/05/2024 18:28 | 0201LightTEST | 0h 18m 11s
02/05/2024 18:44 | 0201LightTEST | 0h 15m 55s
02/05/2024 19:36 | 0201LightTEST | 0h 34m 34s
02/06/2024 01:41 | 0201LightTEST | 0h 6m 33s
02/06/2024 01:47 | 0201LightTEST | 0h 5m 3s
02/06/2024 01:55 | 0201LightTEST | 0h 4m 48s
02/06/2024 02:08 | 0201LightTEST | 0h 5m 22s
02/06/2024 02:17 | 0201LightTEST | 0h 6m 33s
02/06/2024 03:03 | 0201LightTEST | 0h 14m 32s
02/06/2024 11:15 | 0201LightTEST | 0h 18m 55s
02/06/2024 15:15 | 0201LightTEST | 0h 22m 14s
02/06/2024 15:49 | 0201LightTEST | 0h 13m 19s
02/06/2024 17:16 | 0201LightTEST | 0h 0m 5s
02/06/2024 18:10 | 0201LightTEST | 0h 2m 12s
02/06/2024 18:58 | 0201LightTEST | 0h 2m 5s
02/06/2024 19:05 | 0201LightTEST | 0h 4m 42s
02/06/2024 21:21 | LightMap | 0h 0m 30s
02/06/2024 21:23 | LightMap | 0h 0m 36s
02/06/2024 21:25 | LightMap | 0h 0m 31s
02/06/2024 21:26 | LightMap | 0h 0m 34s
02/06/2024 21:29 | LightMap | 0h 1m 42s
02/06/2024 21:31 | LightMap | 0h 1m 43s
02/06/2024 21:33 | LightMap | 0h 1m 44s
02/06/2024 21:45 | 0201LightTEST | 0h 3m 29s
02/06/2024 21:52 | LightTestttt | 0h 0m 7s
02/06/2024 21:52 | LightTestttt | 0h 0m 7s
02/06/2024 21:53 | LightTestttt | 0h 0m 6s
02/06/2024 21:54 | LightTestttt | 0h 0m 6s
02/06/2024 21:54 | LightTestttt | 0h 0m 1s
02/06/2024 21:55 | LightTestttt | 0h 0m 6s
02/06/2024 21:55 | LightTestttt | 0h 0m 1s
02/06/2024 21:55 | LightTestttt | 0h 0m 2s
02/06/2024 21:57 | LightTestttt | 0h 0m 12s
02/06/2024 21:58 | LightTestttt | 0h 0m 18s
02/06/2024 21:59 | LightTestttt | 0h 0m 17s
02/06/2024 22:00 | LightTestttt | 0h 0m 18s
02/06/2024 22:00 | LightTestttt | 0h 0m 2s
02/06/2024 22:01 | LightTestttt | 0h 0m 14s
02/06/2024 22:02 | LightTestttt | 0h 0m 2s
02/06/2024 22:06 | 0201LightTEST | 0h 1m 5s
02/06/2024 22:10 | 0201LightTEST | 0h 0m 56s
02/06/2024 22:13 | 0201LightTEST | 0h 1m 1s
02/06/2024 22:15 | 0201LightTEST | 0h 1m 4s
02/06/2024 22:20 | 0201LightTEST | 0h 0m 57s
02/06/2024 22:23 | 0201LightTEST | 0h 0m 55s
02/06/2024 22:25 | 0201LightTEST | 0h 0m 54s
02/06/2024 22:27 | 0201LightTEST | 0h 0m 52s
02/06/2024 22:27 | 0201LightTEST | 0h 0m 4s
02/06/2024 22:31 | 0201LightTEST | 0h 0m 58s
02/06/2024 22:34 | 0201LightTEST | 0h 0m 56s
02/06/2024 22:35 | 0201LightTEST | 0h 0m 4s
02/06/2024 22:38 | 0201LightTEST | 0h 0m 5s
02/07/2024 00:39 | 0201LightTEST | 0h 1m 1s
02/07/2024 00:41 | 0201LightTEST | 0h 1m 18s
02/07/2024 00:45 | 0201LightTEST | 0h 2m 33s
02/07/2024 00:57 | 0201LightTEST | 0h 4m 20s
02/07/2024 00:58 | 0201LightTEST | 0h 0m 32s
02/07/2024 01:04 | 0201LightTEST | 0h 3m 35s
02/07/2024 01:12 | 0201LightTEST | 0h 6m 58s
02/07/2024 01:16 | 0201LightTEST | 0h 0m 7s
02/07/2024 01:27 | 0201LightTEST | 0h 6m 46s
02/07/2024 13:59 | 0201LightTEST | 0h 6m 58s
02/07/2024 13:59 | 0201LightTEST | 0h 0m 8s
02/07/2024 14:14 | 0201LightTEST | 0h 7m 39s
02/07/2024 14:24 | 0201LightTEST | 0h 0m 34s
02/07/2024 14:37 | 0201LightTEST | 0h 1m 16s
02/07/2024 14:37 | 0201LightTEST | 0h 0m 4s
02/07/2024 14:39 | 0201LightTEST | 0h 1m 11s
02/07/2024 14:56 | 0201LightTEST | 0h 0m 48s
02/07/2024 14:58 | 0201LightTEST | 0h 0m 4s
02/07/2024 15:00 | 0201LightTEST | 0h 0m 50s
02/07/2024 18:11 | 0201LightTEST | 0h 1m 56s
02/07/2024 18:15 | 0201LightTEST | 0h 1m 53s
02/07/2024 18:22 | 0201LightTEST | 0h 2m 10s
02/07/2024 18:22 | 0201LightTEST | 0h 0m 5s
02/07/2024 18:25 | 0201LightTEST | 0h 1m 48s
02/07/2024 18:30 | 0201LightTEST | 0h 1m 46s
02/07/2024 18:32 | 0201LightTEST | 0h 1m 54s
02/07/2024 18:35 | 0201LightTEST | 0h 2m 1s
02/07/2024 18:36 | 0201LightTEST | 0h 0m 5s
02/07/2024 18:48 | 0201LightTEST | 0h 1m 55s
02/07/2024 18:48 | 0201LightTEST | 0h 0m 5s
02/08/2024 16:43 | LightTestttt | 0h 0m 19s
02/08/2024 16:43 | LightTestttt | 0h 0m 2s
02/08/2024 16:44 | LightTestttt | 0h 0m 16s
02/08/2024 16:45 | LightTestttt | 0h 0m 15s
02/08/2024 16:49 | LightTestttt | 0h 0m 11s
02/08/2024 16:55 | LightTestttt | 0h 0m 16s
02/08/2024 17:14 | LightTestttt | 0h 0m 4s
02/08/2024 17:15 | LightTestttt | 0h 0m 4s
02/08/2024 17:15 | LightTestttt | 0h 0m 2s
02/08/2024 17:15 | LightTestttt | 0h 0m 4s
02/08/2024 17:16 | LightTestttt | 0h 0m 5s
02/08/2024 17:45 | LightTestttt | 0h 0m 4s
02/08/2024 17:45 | LightTestttt | 0h 0m 4s
02/08/2024 17:47 | LightTestttt | 0h 0m 2s
02/08/2024 17:48 | LightTestttt | 0h 0m 4s
02/08/2024 17:48 | LightTestttt | 0h 0m 4s
02/08/2024 17:51 | LightTestttt | 0h 0m 6s
02/08/2024 17:52 | LightTestttt | 0h 0m 4s
02/08/2024 18:41 | 0201LightTEST | 0h 1m 59s
02/08/2024 18:46 | 0201LightTEST | 0h 1m 51s
